<?xml version="1.0" encoding="UTF-8"?>
<beans xmlns:xsi="http://www.w3.org/2001/XMLSchema-instance"
       xmlns:jdbc="http://www.springframework.org/schema/jdbc" xmlns="http://www.springframework.org/schema/beans"
       xsi:schemaLocation="http://www.springframework.org/schema/beans http://www.springframework.org/schema/beans/spring-beans.xsd http://www.springframework.org/schema/jdbc http://www.springframework.org/schema/jdbc/spring-jdbc.xsd">

    <import resource="persistence-context.xml"/>

    <bean id="test-props" class="org.springframework.beans.factory.config.PropertyPlaceholderConfigurer">
        <property name="locations">
            <list>
                <value>classpath:properties/test-datasource.properties</value>
            </list>
        </property>
    </bean>

    <!--<bean id="dataSource" class="org.springframework.jdbc.datasource.DriverManagerDataSource">-->
    <!--<property name="driverClassName" value="${driverClassName}"/>-->
    <!--<property name="url" value="${url}"/>-->
    <!--<property name="username" value="${username}"/>-->
    <!--<property name="password" value=""/>-->
    <!--</bean>-->

    <jdbc:embedded-database id="dataSource" type="H2">
    </jdbc:embedded-database>
</beans>